<?xml version="1.0" encoding="UTF-8"?>
<!-- Generated by org.testng.reporters.JUnitXMLReporter -->
<testsuite ignored="0" hostname="DESKTOP-QBR2O57" failures="0" tests="6" name="Default test" time="28.85" errors="0" timestamp="2025-09-05T01:50:07 IST">
  <testcase classname="Testcase.Testcase" name="testValidLogin" time="0.786"/>
  <testcase classname="Testcase.Testcase" name="testBlankCredentials" time="2.889"/>
  <testcase classname="Testcase.Testcase" name="testOnlyUserId" time="0.702"/>
  <testcase classname="Testcase.Testcase" name="testOnlyPassword" time="1.709"/>
  <testcase classname="Testcase.Testcase" name="testInvalidCredentials" time="1.736"/>
  <testcase classname="Testcase.Testcase" name="testEyeToggleFunctionality" time="0.615"/>
</testsuite> <!-- Default test -->
