<?xml version="1.0" encoding="UTF-8"?>
<testng-results ignored="0" total="6" passed="6" failed="0" skipped="0">
  <reporter-output>
  </reporter-output>
  <suite started-at="2025-09-05T01:49:38 IST" name="Default suite" finished-at="2025-09-05T01:50:07 IST" duration-ms="28850">
    <groups>
    </groups>
    <test started-at="2025-09-05T01:49:38 IST" name="Default test" finished-at="2025-09-05T01:50:07 IST" duration-ms="28850">
      <class name="Testcase.Testcase">
        <test-method is-config="true" signature="setup()[pri:0, instance:Testcase.Testcase@6ab778a]" started-at="2025-09-05T01:49:39 IST" name="setup" finished-at="2025-09-05T01:49:44 IST" duration-ms="5281" status="PASS">
          <reporter-output>
          </reporter-output>
        </test-method> <!-- setup -->
        <test-method signature="testValidLogin()[pri:1, instance:Testcase.Testcase@6ab778a]" started-at="2025-09-05T01:49:44 IST" name="testValidLogin" finished-at="2025-09-05T01:49:45 IST" duration-ms="786" status="PASS">
          <reporter-output>
          </reporter-output>
        </test-method> <!-- testValidLogin -->
        <test-method is-config="true" signature="teardown()[pri:0, instance:Testcase.Testcase@6ab778a]" started-at="2025-09-05T01:49:45 IST" name="teardown" finished-at="2025-09-05T01:49:45 IST" duration-ms="322" status="PASS">
          <reporter-output>
          </reporter-output>
        </test-method> <!-- teardown -->
        <test-method is-config="true" signature="setup()[pri:0, instance:Testcase.Testcase@6ab778a]" started-at="2025-09-05T01:49:45 IST" name="setup" finished-at="2025-09-05T01:49:47 IST" duration-ms="1525" status="PASS">
          <reporter-output>
          </reporter-output>
        </test-method> <!-- setup -->
        <test-method signature="testBlankCredentials()[pri:2, instance:Testcase.Testcase@6ab778a]" started-at="2025-09-05T01:49:47 IST" name="testBlankCredentials" finished-at="2025-09-05T01:49:50 IST" duration-ms="2889" status="PASS">
          <reporter-output>
          </reporter-output>
        </test-method> <!-- testBlankCredentials -->
        <test-method is-config="true" signature="teardown()[pri:0, instance:Testcase.Testcase@6ab778a]" started-at="2025-09-05T01:49:50 IST" name="teardown" finished-at="2025-09-05T01:49:50 IST" duration-ms="258" status="PASS">
          <reporter-output>
          </reporter-output>
        </test-method> <!-- teardown -->
        <test-method is-config="true" signature="setup()[pri:0, instance:Testcase.Testcase@6ab778a]" started-at="2025-09-05T01:49:50 IST" name="setup" finished-at="2025-09-05T01:49:53 IST" duration-ms="3648" status="PASS">
          <reporter-output>
          </reporter-output>
        </test-method> <!-- setup -->
        <test-method signature="testOnlyUserId()[pri:3, instance:Testcase.Testcase@6ab778a]" started-at="2025-09-05T01:49:53 IST" name="testOnlyUserId" finished-at="2025-09-05T01:49:54 IST" duration-ms="702" status="PASS">
          <reporter-output>
          </reporter-output>
        </test-method> <!-- testOnlyUserId -->
        <test-method is-config="true" signature="teardown()[pri:0, instance:Testcase.Testcase@6ab778a]" started-at="2025-09-05T01:49:54 IST" name="teardown" finished-at="2025-09-05T01:49:54 IST" duration-ms="251" status="PASS">
          <reporter-output>
          </reporter-output>
        </test-method> <!-- teardown -->
        <test-method is-config="true" signature="setup()[pri:0, instance:Testcase.Testcase@6ab778a]" started-at="2025-09-05T01:49:54 IST" name="setup" finished-at="2025-09-05T01:49:56 IST" duration-ms="1876" status="PASS">
          <reporter-output>
          </reporter-output>
        </test-method> <!-- setup -->
        <test-method signature="testOnlyPassword()[pri:4, instance:Testcase.Testcase@6ab778a]" started-at="2025-09-05T01:49:56 IST" name="testOnlyPassword" finished-at="2025-09-05T01:49:58 IST" duration-ms="1709" status="PASS">
          <reporter-output>
          </reporter-output>
        </test-method> <!-- testOnlyPassword -->
        <test-method is-config="true" signature="teardown()[pri:0, instance:Testcase.Testcase@6ab778a]" started-at="2025-09-05T01:49:58 IST" name="teardown" finished-at="2025-09-05T01:49:58 IST" duration-ms="410" status="PASS">
          <reporter-output>
          </reporter-output>
        </test-method> <!-- teardown -->
        <test-method is-config="true" signature="setup()[pri:0, instance:Testcase.Testcase@6ab778a]" started-at="2025-09-05T01:49:58 IST" name="setup" finished-at="2025-09-05T01:50:01 IST" duration-ms="2119" status="PASS">
          <reporter-output>
          </reporter-output>
        </test-method> <!-- setup -->
        <test-method signature="testInvalidCredentials()[pri:5, instance:Testcase.Testcase@6ab778a]" started-at="2025-09-05T01:50:01 IST" name="testInvalidCredentials" finished-at="2025-09-05T01:50:02 IST" duration-ms="1736" status="PASS">
          <reporter-output>
          </reporter-output>
        </test-method> <!-- testInvalidCredentials -->
        <test-method is-config="true" signature="teardown()[pri:0, instance:Testcase.Testcase@6ab778a]" started-at="2025-09-05T01:50:02 IST" name="teardown" finished-at="2025-09-05T01:50:03 IST" duration-ms="272" status="PASS">
          <reporter-output>
          </reporter-output>
        </test-method> <!-- teardown -->
        <test-method is-config="true" signature="setup()[pri:0, instance:Testcase.Testcase@6ab778a]" started-at="2025-09-05T01:50:03 IST" name="setup" finished-at="2025-09-05T01:50:06 IST" duration-ms="3554" status="PASS">
          <reporter-output>
          </reporter-output>
        </test-method> <!-- setup -->
        <test-method signature="testEyeToggleFunctionality()[pri:6, instance:Testcase.Testcase@6ab778a]" started-at="2025-09-05T01:50:06 IST" name="testEyeToggleFunctionality" finished-at="2025-09-05T01:50:07 IST" duration-ms="615" status="PASS">
          <reporter-output>
          </reporter-output>
        </test-method> <!-- testEyeToggleFunctionality -->
        <test-method is-config="true" signature="teardown()[pri:0, instance:Testcase.Testcase@6ab778a]" started-at="2025-09-05T01:50:07 IST" name="teardown" finished-at="2025-09-05T01:50:07 IST" duration-ms="266" status="PASS">
          <reporter-output>
          </reporter-output>
        </test-method> <!-- teardown -->
      </class> <!-- Testcase.Testcase -->
    </test> <!-- Default test -->
  </suite> <!-- Default suite -->
</testng-results>
